<?xml version="1.0" encoding="UTF-8"?>
<testsuite xmlns:xsi="http://www.w3.org/2001/XMLSchema-instance" xsi:noNamespaceSchemaLocation="https://maven.apache.org/surefire/maven-surefire-plugin/xsd/surefire-test-report-3.0.xsd" version="3.0" name="TestSuite" time="101.42" tests="5" errors="0" skipped="0" failures="1">
  <properties>
    <property name="gopherProxySet" value="false"/>
    <property name="awt.toolkit" value="sun.lwawt.macosx.LWCToolkit"/>
    <property name="surefire.suiteXmlFiles" value="testng.xml"/>
    <property name="java.specification.version" value="11"/>
    <property name="webdriver.chrome.driver" value="./Drivers/chromedriver"/>
    <property name="sun.cpu.isalist" value=""/>
    <property name="sun.jnu.encoding" value="UTF-8"/>
    <property name="sun.awt.enableExtraMouseButtons" value="true"/>
    <property name="java.class.path" value="/Users/503000218/Code/Synchrony/ParallelCucumber/target/test-classes:/Users/503000218/Code/Synchrony/ParallelCucumber/target/classes:/Users/503000218/.m2/repository/io/cucumber/cucumber-testng/6.10.4/cucumber-testng-6.10.4.jar:/Users/503000218/.m2/repository/org/apiguardian/apiguardian-api/1.1.1/apiguardian-api-1.1.1.jar:/Users/503000218/.m2/repository/org/testng/testng/7.4.0/testng-7.4.0.jar:/Users/503000218/.m2/repository/com/beust/jcommander/1.78/jcommander-1.78.jar:/Users/503000218/.m2/repository/org/webjars/jquery/3.5.1/jquery-3.5.1.jar:/Users/503000218/.m2/repository/org/seleniumhq/selenium/selenium-java/3.141.59/selenium-java-3.141.59.jar:/Users/503000218/.m2/repository/org/seleniumhq/selenium/selenium-api/3.141.59/selenium-api-3.141.59.jar:/Users/503000218/.m2/repository/org/seleniumhq/selenium/selenium-chrome-driver/3.141.59/selenium-chrome-driver-3.141.59.jar:/Users/503000218/.m2/repository/org/seleniumhq/selenium/selenium-edge-driver/3.141.59/selenium-edge-driver-3.141.59.jar:/Users/503000218/.m2/repository/org/seleniumhq/selenium/selenium-firefox-driver/3.141.59/selenium-firefox-driver-3.141.59.jar:/Users/503000218/.m2/repository/org/seleniumhq/selenium/selenium-ie-driver/3.141.59/selenium-ie-driver-3.141.59.jar:/Users/503000218/.m2/repository/org/seleniumhq/selenium/selenium-opera-driver/3.141.59/selenium-opera-driver-3.141.59.jar:/Users/503000218/.m2/repository/org/seleniumhq/selenium/selenium-remote-driver/3.141.59/selenium-remote-driver-3.141.59.jar:/Users/503000218/.m2/repository/org/seleniumhq/selenium/selenium-safari-driver/3.141.59/selenium-safari-driver-3.141.59.jar:/Users/503000218/.m2/repository/org/seleniumhq/selenium/selenium-support/3.141.59/selenium-support-3.141.59.jar:/Users/503000218/.m2/repository/net/bytebuddy/byte-buddy/1.8.15/byte-buddy-1.8.15.jar:/Users/503000218/.m2/repository/org/apache/commons/commons-exec/1.3/commons-exec-1.3.jar:/Users/503000218/.m2/repository/com/google/guava/guava/25.0-jre/guava-25.0-jre.jar:/Users/503000218/.m2/repository/com/google/code/findbugs/jsr305/1.3.9/jsr305-1.3.9.jar:/Users/503000218/.m2/repository/org/checkerframework/checker-compat-qual/2.0.0/checker-compat-qual-2.0.0.jar:/Users/503000218/.m2/repository/com/google/errorprone/error_prone_annotations/2.1.3/error_prone_annotations-2.1.3.jar:/Users/503000218/.m2/repository/com/google/j2objc/j2objc-annotations/1.1/j2objc-annotations-1.1.jar:/Users/503000218/.m2/repository/org/codehaus/mojo/animal-sniffer-annotations/1.14/animal-sniffer-annotations-1.14.jar:/Users/503000218/.m2/repository/com/squareup/okhttp3/okhttp/3.11.0/okhttp-3.11.0.jar:/Users/503000218/.m2/repository/com/squareup/okio/okio/1.14.0/okio-1.14.0.jar:/Users/503000218/.m2/repository/io/cucumber/cucumber-java/6.10.4/cucumber-java-6.10.4.jar:/Users/503000218/.m2/repository/io/cucumber/cucumber-junit/6.10.4/cucumber-junit-6.10.4.jar:/Users/503000218/.m2/repository/junit/junit/4.13.2/junit-4.13.2.jar:/Users/503000218/.m2/repository/org/hamcrest/hamcrest-core/1.3/hamcrest-core-1.3.jar:/Users/503000218/.m2/repository/io/cucumber/cucumber-picocontainer/6.10.4/cucumber-picocontainer-6.10.4.jar:/Users/503000218/.m2/repository/org/picocontainer/picocontainer/2.15/picocontainer-2.15.jar:/Users/503000218/.m2/repository/org/apache/poi/poi/3.15/poi-3.15.jar:/Users/503000218/.m2/repository/commons-codec/commons-codec/1.10/commons-codec-1.10.jar:/Users/503000218/.m2/repository/org/apache/commons/commons-collections4/4.1/commons-collections4-4.1.jar:/Users/503000218/.m2/repository/org/apache/poi/poi-ooxml/3.15/poi-ooxml-3.15.jar:/Users/503000218/.m2/repository/org/apache/poi/poi-ooxml-schemas/3.15/poi-ooxml-schemas-3.15.jar:/Users/503000218/.m2/repository/org/apache/xmlbeans/xmlbeans/2.6.0/xmlbeans-2.6.0.jar:/Users/503000218/.m2/repository/stax/stax-api/1.0.1/stax-api-1.0.1.jar:/Users/503000218/.m2/repository/com/github/virtuald/curvesapi/1.04/curvesapi-1.04.jar:/Users/503000218/.m2/repository/commons-io/commons-io/1.3.2/commons-io-1.3.2.jar:/Users/503000218/.m2/repository/org/hamcrest/hamcrest-all/1.3/hamcrest-all-1.3.jar:/Users/503000218/.m2/repository/log4j/log4j/1.2.17/log4j-1.2.17.jar:/Users/503000218/.m2/repository/com/browserstack/browserstack-local-java/1.0.2/browserstack-local-java-1.0.2.jar:/Users/503000218/.m2/repository/org/json/json/20160212/json-20160212.jar:/Users/503000218/.m2/repository/net/masterthought/cucumber-reporting/5.5.3/cucumber-reporting-5.5.3.jar:/Users/503000218/.m2/repository/com/fasterxml/jackson/core/jackson-databind/2.12.1/jackson-databind-2.12.1.jar:/Users/503000218/.m2/repository/com/fasterxml/jackson/core/jackson-annotations/2.12.1/jackson-annotations-2.12.1.jar:/Users/503000218/.m2/repository/com/fasterxml/jackson/core/jackson-core/2.12.1/jackson-core-2.12.1.jar:/Users/503000218/.m2/repository/com/fasterxml/jackson/datatype/jackson-datatype-jsr310/2.12.1/jackson-datatype-jsr310-2.12.1.jar:/Users/503000218/.m2/repository/org/apache/velocity/velocity-engine-core/2.2/velocity-engine-core-2.2.jar:/Users/503000218/.m2/repository/org/slf4j/slf4j-api/1.7.30/slf4j-api-1.7.30.jar:/Users/503000218/.m2/repository/commons-collections/commons-collections/3.2.2/commons-collections-3.2.2.jar:/Users/503000218/.m2/repository/joda-time/joda-time/2.10.9/joda-time-2.10.9.jar:/Users/503000218/.m2/repository/org/apache/commons/commons-lang3/3.11/commons-lang3-3.11.jar:/Users/503000218/.m2/repository/org/codehaus/plexus/plexus-utils/3.3.0/plexus-utils-3.3.0.jar:/Users/503000218/.m2/repository/org/jsoup/jsoup/1.13.1/jsoup-1.13.1.jar:/Users/503000218/.m2/repository/com/googlecode/owasp-java-html-sanitizer/owasp-java-html-sanitizer/20200713.1/owasp-java-html-sanitizer-20200713.1.jar:/Users/503000218/.m2/repository/commons-configuration/commons-configuration/1.10/commons-configuration-1.10.jar:/Users/503000218/.m2/repository/commons-lang/commons-lang/2.6/commons-lang-2.6.jar:/Users/503000218/.m2/repository/commons-logging/commons-logging/1.1.1/commons-logging-1.1.1.jar:/Users/503000218/.m2/repository/io/cucumber/cucumber-core/6.10.4/cucumber-core-6.10.4.jar:/Users/503000218/.m2/repository/io/cucumber/cucumber-gherkin/6.10.4/cucumber-gherkin-6.10.4.jar:/Users/503000218/.m2/repository/io/cucumber/cucumber-gherkin-messages/6.10.4/cucumber-gherkin-messages-6.10.4.jar:/Users/503000218/.m2/repository/io/cucumber/messages/15.0.0/messages-15.0.0.jar:/Users/503000218/.m2/repository/io/cucumber/tag-expressions/3.0.1/tag-expressions-3.0.1.jar:/Users/503000218/.m2/repository/io/cucumber/cucumber-expressions/10.3.0/cucumber-expressions-10.3.0.jar:/Users/503000218/.m2/repository/io/cucumber/datatable/3.5.0/datatable-3.5.0.jar:/Users/503000218/.m2/repository/io/cucumber/cucumber-plugin/6.10.4/cucumber-plugin-6.10.4.jar:/Users/503000218/.m2/repository/io/cucumber/docstring/6.10.4/docstring-6.10.4.jar:/Users/503000218/.m2/repository/io/cucumber/html-formatter/13.0.0/html-formatter-13.0.0.jar:/Users/503000218/.m2/repository/io/cucumber/create-meta/4.0.0/create-meta-4.0.0.jar:/Users/503000218/.m2/repository/tech/grasshopper/extentreports-cucumber6-adapter/2.8.2/extentreports-cucumber6-adapter-2.8.2.jar:/Users/503000218/.m2/repository/tech/grasshopper/extent-pdf-report/1.7.2/extent-pdf-report-1.7.2.jar:/Users/503000218/.m2/repository/tech/grasshopper/cucumber-pdf-report/2.2.3/cucumber-pdf-report-2.2.3.jar:/Users/503000218/.m2/repository/org/apache/pdfbox/pdfbox/2.0.22/pdfbox-2.0.22.jar:/Users/503000218/.m2/repository/org/apache/pdfbox/fontbox/2.0.22/fontbox-2.0.22.jar:/Users/503000218/.m2/repository/org/knowm/xchart/xchart/3.8.0/xchart-3.8.0.jar:/Users/503000218/.m2/repository/de/erichseifert/vectorgraphics2d/VectorGraphics2D/0.13/VectorGraphics2D-0.13.jar:/Users/503000218/.m2/repository/de/rototor/pdfbox/graphics2d/0.30/graphics2d-0.30.jar:/Users/503000218/.m2/repository/com/madgag/animated-gif-lib/1.4/animated-gif-lib-1.4.jar:/Users/503000218/.m2/repository/org/yaml/snakeyaml/1.28/snakeyaml-1.28.jar:/Users/503000218/.m2/repository/tech/grasshopper/table-layout/1.2.0/table-layout-1.2.0.jar:/Users/503000218/.m2/repository/org/mongodb/mongodb-driver/3.3.0/mongodb-driver-3.3.0.jar:/Users/503000218/.m2/repository/org/mongodb/mongodb-driver-core/3.3.0/mongodb-driver-core-3.3.0.jar:/Users/503000218/.m2/repository/com/aventstack/extentreports/5.0.8/extentreports-5.0.8.jar:/Users/503000218/.m2/repository/io/reactivex/rxjava3/rxjava/3.0.4/rxjava-3.0.4.jar:/Users/503000218/.m2/repository/org/reactivestreams/reactive-streams/1.0.3/reactive-streams-1.0.3.jar:/Users/503000218/.m2/repository/org/freemarker/freemarker/2.3.30/freemarker-2.3.30.jar:/Users/503000218/.m2/repository/org/projectlombok/lombok/1.18.12/lombok-1.18.12.jar:/Users/503000218/.m2/repository/com/google/code/gson/gson/2.8.6/gson-2.8.6.jar:/Users/503000218/.m2/repository/com/aventstack/klov-reporter/5.0.8/klov-reporter-5.0.8.jar:/Users/503000218/.m2/repository/org/mongodb/bson/3.6.4/bson-3.6.4.jar:/Users/503000218/.m2/repository/org/apache/httpcomponents/httpclient/4.5.2/httpclient-4.5.2.jar:/Users/503000218/.m2/repository/org/apache/httpcomponents/httpcore/4.4.4/httpcore-4.4.4.jar:/Users/503000218/.m2/repository/org/apache/httpcomponents/httpmime/4.5.2/httpmime-4.5.2.jar:/Users/503000218/.m2/repository/org/uncommons/reportng/1.1.4/reportng-1.1.4.jar:/Users/503000218/.m2/repository/velocity/velocity/1.4/velocity-1.4.jar:/Users/503000218/.m2/repository/velocity/velocity-dep/1.4/velocity-dep-1.4.jar:/Users/503000218/.m2/repository/com/google/inject/guice/5.0.1/guice-5.0.1.jar:/Users/503000218/.m2/repository/javax/inject/javax.inject/1/javax.inject-1.jar:/Users/503000218/.m2/repository/aopalliance/aopalliance/1.0/aopalliance-1.0.jar:/Users/503000218/.m2/repository/org/apache/logging/log4j/log4j-core/2.14.0/log4j-core-2.14.0.jar:/Users/503000218/.m2/repository/org/apache/logging/log4j/log4j-api/2.14.0/log4j-api-2.14.0.jar:"/>
    <property name="java.vm.vendor" value="JetBrains s.r.o"/>
    <property name="sun.arch.data.model" value="64"/>
    <property name="sun.font.fontmanager" value="sun.font.CFontManager"/>
    <property name="java.vendor.url" value="https://openjdk.java.net/"/>
    <property name="user.timezone" value="Asia/Kolkata"/>
    <property name="java.vm.specification.version" value="11"/>
    <property name="os.name" value="Mac OS X"/>
    <property name="sun.java.launcher" value="SUN_STANDARD"/>
    <property name="user.country" value="IN"/>
    <property name="sun.boot.library.path" value="/Applications/Android Studio.app/Contents/jre/jdk/Contents/Home/lib"/>
    <property name="sun.java.command" value="/Users/503000218/Code/Synchrony/ParallelCucumber/target/surefire/surefirebooter13875611448156901293.jar /Users/503000218/Code/Synchrony/ParallelCucumber/target/surefire 2021-07-26T20-18-36_835-jvmRun1 surefire6150672802542643077tmp surefire_015831462078508174482tmp"/>
    <property name="jdk.debug" value="release"/>
    <property name="surefire.test.class.path" value="/Users/503000218/Code/Synchrony/ParallelCucumber/target/test-classes:/Users/503000218/Code/Synchrony/ParallelCucumber/target/classes:/Users/503000218/.m2/repository/io/cucumber/cucumber-testng/6.10.4/cucumber-testng-6.10.4.jar:/Users/503000218/.m2/repository/org/apiguardian/apiguardian-api/1.1.1/apiguardian-api-1.1.1.jar:/Users/503000218/.m2/repository/org/testng/testng/7.4.0/testng-7.4.0.jar:/Users/503000218/.m2/repository/com/beust/jcommander/1.78/jcommander-1.78.jar:/Users/503000218/.m2/repository/org/webjars/jquery/3.5.1/jquery-3.5.1.jar:/Users/503000218/.m2/repository/org/seleniumhq/selenium/selenium-java/3.141.59/selenium-java-3.141.59.jar:/Users/503000218/.m2/repository/org/seleniumhq/selenium/selenium-api/3.141.59/selenium-api-3.141.59.jar:/Users/503000218/.m2/repository/org/seleniumhq/selenium/selenium-chrome-driver/3.141.59/selenium-chrome-driver-3.141.59.jar:/Users/503000218/.m2/repository/org/seleniumhq/selenium/selenium-edge-driver/3.141.59/selenium-edge-driver-3.141.59.jar:/Users/503000218/.m2/repository/org/seleniumhq/selenium/selenium-firefox-driver/3.141.59/selenium-firefox-driver-3.141.59.jar:/Users/503000218/.m2/repository/org/seleniumhq/selenium/selenium-ie-driver/3.141.59/selenium-ie-driver-3.141.59.jar:/Users/503000218/.m2/repository/org/seleniumhq/selenium/selenium-opera-driver/3.141.59/selenium-opera-driver-3.141.59.jar:/Users/503000218/.m2/repository/org/seleniumhq/selenium/selenium-remote-driver/3.141.59/selenium-remote-driver-3.141.59.jar:/Users/503000218/.m2/repository/org/seleniumhq/selenium/selenium-safari-driver/3.141.59/selenium-safari-driver-3.141.59.jar:/Users/503000218/.m2/repository/org/seleniumhq/selenium/selenium-support/3.141.59/selenium-support-3.141.59.jar:/Users/503000218/.m2/repository/net/bytebuddy/byte-buddy/1.8.15/byte-buddy-1.8.15.jar:/Users/503000218/.m2/repository/org/apache/commons/commons-exec/1.3/commons-exec-1.3.jar:/Users/503000218/.m2/repository/com/google/guava/guava/25.0-jre/guava-25.0-jre.jar:/Users/503000218/.m2/repository/com/google/code/findbugs/jsr305/1.3.9/jsr305-1.3.9.jar:/Users/503000218/.m2/repository/org/checkerframework/checker-compat-qual/2.0.0/checker-compat-qual-2.0.0.jar:/Users/503000218/.m2/repository/com/google/errorprone/error_prone_annotations/2.1.3/error_prone_annotations-2.1.3.jar:/Users/503000218/.m2/repository/com/google/j2objc/j2objc-annotations/1.1/j2objc-annotations-1.1.jar:/Users/503000218/.m2/repository/org/codehaus/mojo/animal-sniffer-annotations/1.14/animal-sniffer-annotations-1.14.jar:/Users/503000218/.m2/repository/com/squareup/okhttp3/okhttp/3.11.0/okhttp-3.11.0.jar:/Users/503000218/.m2/repository/com/squareup/okio/okio/1.14.0/okio-1.14.0.jar:/Users/503000218/.m2/repository/io/cucumber/cucumber-java/6.10.4/cucumber-java-6.10.4.jar:/Users/503000218/.m2/repository/io/cucumber/cucumber-junit/6.10.4/cucumber-junit-6.10.4.jar:/Users/503000218/.m2/repository/junit/junit/4.13.2/junit-4.13.2.jar:/Users/503000218/.m2/repository/org/hamcrest/hamcrest-core/1.3/hamcrest-core-1.3.jar:/Users/503000218/.m2/repository/io/cucumber/cucumber-picocontainer/6.10.4/cucumber-picocontainer-6.10.4.jar:/Users/503000218/.m2/repository/org/picocontainer/picocontainer/2.15/picocontainer-2.15.jar:/Users/503000218/.m2/repository/org/apache/poi/poi/3.15/poi-3.15.jar:/Users/503000218/.m2/repository/commons-codec/commons-codec/1.10/commons-codec-1.10.jar:/Users/503000218/.m2/repository/org/apache/commons/commons-collections4/4.1/commons-collections4-4.1.jar:/Users/503000218/.m2/repository/org/apache/poi/poi-ooxml/3.15/poi-ooxml-3.15.jar:/Users/503000218/.m2/repository/org/apache/poi/poi-ooxml-schemas/3.15/poi-ooxml-schemas-3.15.jar:/Users/503000218/.m2/repository/org/apache/xmlbeans/xmlbeans/2.6.0/xmlbeans-2.6.0.jar:/Users/503000218/.m2/repository/stax/stax-api/1.0.1/stax-api-1.0.1.jar:/Users/503000218/.m2/repository/com/github/virtuald/curvesapi/1.04/curvesapi-1.04.jar:/Users/503000218/.m2/repository/commons-io/commons-io/1.3.2/commons-io-1.3.2.jar:/Users/503000218/.m2/repository/org/hamcrest/hamcrest-all/1.3/hamcrest-all-1.3.jar:/Users/503000218/.m2/repository/log4j/log4j/1.2.17/log4j-1.2.17.jar:/Users/503000218/.m2/repository/com/browserstack/browserstack-local-java/1.0.2/browserstack-local-java-1.0.2.jar:/Users/503000218/.m2/repository/org/json/json/20160212/json-20160212.jar:/Users/503000218/.m2/repository/net/masterthought/cucumber-reporting/5.5.3/cucumber-reporting-5.5.3.jar:/Users/503000218/.m2/repository/com/fasterxml/jackson/core/jackson-databind/2.12.1/jackson-databind-2.12.1.jar:/Users/503000218/.m2/repository/com/fasterxml/jackson/core/jackson-annotations/2.12.1/jackson-annotations-2.12.1.jar:/Users/503000218/.m2/repository/com/fasterxml/jackson/core/jackson-core/2.12.1/jackson-core-2.12.1.jar:/Users/503000218/.m2/repository/com/fasterxml/jackson/datatype/jackson-datatype-jsr310/2.12.1/jackson-datatype-jsr310-2.12.1.jar:/Users/503000218/.m2/repository/org/apache/velocity/velocity-engine-core/2.2/velocity-engine-core-2.2.jar:/Users/503000218/.m2/repository/org/slf4j/slf4j-api/1.7.30/slf4j-api-1.7.30.jar:/Users/503000218/.m2/repository/commons-collections/commons-collections/3.2.2/commons-collections-3.2.2.jar:/Users/503000218/.m2/repository/joda-time/joda-time/2.10.9/joda-time-2.10.9.jar:/Users/503000218/.m2/repository/org/apache/commons/commons-lang3/3.11/commons-lang3-3.11.jar:/Users/503000218/.m2/repository/org/codehaus/plexus/plexus-utils/3.3.0/plexus-utils-3.3.0.jar:/Users/503000218/.m2/repository/org/jsoup/jsoup/1.13.1/jsoup-1.13.1.jar:/Users/503000218/.m2/repository/com/googlecode/owasp-java-html-sanitizer/owasp-java-html-sanitizer/20200713.1/owasp-java-html-sanitizer-20200713.1.jar:/Users/503000218/.m2/repository/commons-configuration/commons-configuration/1.10/commons-configuration-1.10.jar:/Users/503000218/.m2/repository/commons-lang/commons-lang/2.6/commons-lang-2.6.jar:/Users/503000218/.m2/repository/commons-logging/commons-logging/1.1.1/commons-logging-1.1.1.jar:/Users/503000218/.m2/repository/io/cucumber/cucumber-core/6.10.4/cucumber-core-6.10.4.jar:/Users/503000218/.m2/repository/io/cucumber/cucumber-gherkin/6.10.4/cucumber-gherkin-6.10.4.jar:/Users/503000218/.m2/repository/io/cucumber/cucumber-gherkin-messages/6.10.4/cucumber-gherkin-messages-6.10.4.jar:/Users/503000218/.m2/repository/io/cucumber/messages/15.0.0/messages-15.0.0.jar:/Users/503000218/.m2/repository/io/cucumber/tag-expressions/3.0.1/tag-expressions-3.0.1.jar:/Users/503000218/.m2/repository/io/cucumber/cucumber-expressions/10.3.0/cucumber-expressions-10.3.0.jar:/Users/503000218/.m2/repository/io/cucumber/datatable/3.5.0/datatable-3.5.0.jar:/Users/503000218/.m2/repository/io/cucumber/cucumber-plugin/6.10.4/cucumber-plugin-6.10.4.jar:/Users/503000218/.m2/repository/io/cucumber/docstring/6.10.4/docstring-6.10.4.jar:/Users/503000218/.m2/repository/io/cucumber/html-formatter/13.0.0/html-formatter-13.0.0.jar:/Users/503000218/.m2/repository/io/cucumber/create-meta/4.0.0/create-meta-4.0.0.jar:/Users/503000218/.m2/repository/tech/grasshopper/extentreports-cucumber6-adapter/2.8.2/extentreports-cucumber6-adapter-2.8.2.jar:/Users/503000218/.m2/repository/tech/grasshopper/extent-pdf-report/1.7.2/extent-pdf-report-1.7.2.jar:/Users/503000218/.m2/repository/tech/grasshopper/cucumber-pdf-report/2.2.3/cucumber-pdf-report-2.2.3.jar:/Users/503000218/.m2/repository/org/apache/pdfbox/pdfbox/2.0.22/pdfbox-2.0.22.jar:/Users/503000218/.m2/repository/org/apache/pdfbox/fontbox/2.0.22/fontbox-2.0.22.jar:/Users/503000218/.m2/repository/org/knowm/xchart/xchart/3.8.0/xchart-3.8.0.jar:/Users/503000218/.m2/repository/de/erichseifert/vectorgraphics2d/VectorGraphics2D/0.13/VectorGraphics2D-0.13.jar:/Users/503000218/.m2/repository/de/rototor/pdfbox/graphics2d/0.30/graphics2d-0.30.jar:/Users/503000218/.m2/repository/com/madgag/animated-gif-lib/1.4/animated-gif-lib-1.4.jar:/Users/503000218/.m2/repository/org/yaml/snakeyaml/1.28/snakeyaml-1.28.jar:/Users/503000218/.m2/repository/tech/grasshopper/table-layout/1.2.0/table-layout-1.2.0.jar:/Users/503000218/.m2/repository/org/mongodb/mongodb-driver/3.3.0/mongodb-driver-3.3.0.jar:/Users/503000218/.m2/repository/org/mongodb/mongodb-driver-core/3.3.0/mongodb-driver-core-3.3.0.jar:/Users/503000218/.m2/repository/com/aventstack/extentreports/5.0.8/extentreports-5.0.8.jar:/Users/503000218/.m2/repository/io/reactivex/rxjava3/rxjava/3.0.4/rxjava-3.0.4.jar:/Users/503000218/.m2/repository/org/reactivestreams/reactive-streams/1.0.3/reactive-streams-1.0.3.jar:/Users/503000218/.m2/repository/org/freemarker/freemarker/2.3.30/freemarker-2.3.30.jar:/Users/503000218/.m2/repository/org/projectlombok/lombok/1.18.12/lombok-1.18.12.jar:/Users/503000218/.m2/repository/com/google/code/gson/gson/2.8.6/gson-2.8.6.jar:/Users/503000218/.m2/repository/com/aventstack/klov-reporter/5.0.8/klov-reporter-5.0.8.jar:/Users/503000218/.m2/repository/org/mongodb/bson/3.6.4/bson-3.6.4.jar:/Users/503000218/.m2/repository/org/apache/httpcomponents/httpclient/4.5.2/httpclient-4.5.2.jar:/Users/503000218/.m2/repository/org/apache/httpcomponents/httpcore/4.4.4/httpcore-4.4.4.jar:/Users/503000218/.m2/repository/org/apache/httpcomponents/httpmime/4.5.2/httpmime-4.5.2.jar:/Users/503000218/.m2/repository/org/uncommons/reportng/1.1.4/reportng-1.1.4.jar:/Users/503000218/.m2/repository/velocity/velocity/1.4/velocity-1.4.jar:/Users/503000218/.m2/repository/velocity/velocity-dep/1.4/velocity-dep-1.4.jar:/Users/503000218/.m2/repository/com/google/inject/guice/5.0.1/guice-5.0.1.jar:/Users/503000218/.m2/repository/javax/inject/javax.inject/1/javax.inject-1.jar:/Users/503000218/.m2/repository/aopalliance/aopalliance/1.0/aopalliance-1.0.jar:/Users/503000218/.m2/repository/org/apache/logging/log4j/log4j-core/2.14.0/log4j-core-2.14.0.jar:/Users/503000218/.m2/repository/org/apache/logging/log4j/log4j-api/2.14.0/log4j-api-2.14.0.jar:"/>
    <property name="sun.cpu.endian" value="little"/>
    <property name="user.home" value="/Users/503000218"/>
    <property name="user.language" value="en"/>
    <property name="java.specification.vendor" value="Oracle Corporation"/>
    <property name="java.version.date" value="2020-07-14"/>
    <property name="java.home" value="/Applications/Android Studio.app/Contents/jre/jdk/Contents/Home"/>
    <property name="file.separator" value="/"/>
    <property name="basedir" value="/Users/503000218/Code/Synchrony/ParallelCucumber"/>
    <property name="java.vm.compressedOopsMode" value="Zero based"/>
    <property name="line.separator" value="&#10;"/>
    <property name="java.specification.name" value="Java Platform API Specification"/>
    <property name="java.vm.specification.vendor" value="Oracle Corporation"/>
    <property name="java.awt.graphicsenv" value="sun.awt.CGraphicsEnvironment"/>
    <property name="surefire.real.class.path" value="/Users/503000218/Code/Synchrony/ParallelCucumber/target/surefire/surefirebooter13875611448156901293.jar"/>
    <property name="sun.management.compiler" value="HotSpot 64-Bit Tiered Compilers"/>
    <property name="java.runtime.version" value="11.0.8+10-b944.6916264"/>
    <property name="user.name" value="503000218"/>
    <property name="path.separator" value=":"/>
    <property name="os.version" value="10.15.7"/>
    <property name="java.runtime.name" value="OpenJDK Runtime Environment"/>
    <property name="file.encoding" value="US-ASCII"/>
    <property name="java.vm.name" value="OpenJDK 64-Bit Server VM"/>
    <property name="localRepository" value="/Users/503000218/.m2/repository"/>
    <property name="java.vendor.url.bug" value="https://bugreport.java.com/bugreport/"/>
    <property name="java.io.tmpdir" value="/var/folders/wp/zf7krg3j2rl0ty10kcm88qrdkvxryb/T/"/>
    <property name="java.version" value="11.0.8"/>
    <property name="user.dir" value="/Users/503000218/Code/Synchrony/ParallelCucumber"/>
    <property name="os.arch" value="x86_64"/>
    <property name="java.vm.specification.name" value="Java Virtual Machine Specification"/>
    <property name="java.awt.printerjob" value="sun.lwawt.macosx.CPrinterJob"/>
    <property name="sun.os.patch.level" value="unknown"/>
    <property name="java.library.path" value="/Users/503000218/Library/Java/Extensions:/Library/Java/Extensions:/Network/Library/Java/Extensions:/System/Library/Java/Extensions:/usr/lib/java:."/>
    <property name="java.vm.info" value="mixed mode"/>
    <property name="java.vendor" value="N/A"/>
    <property name="java.vm.version" value="11.0.8+10-b944.6916264"/>
    <property name="sun.io.unicode.encoding" value="UnicodeBig"/>
    <property name="java.class.version" value="55.0"/>
  </properties>
  <testcase name="runScenario[&quot;Check the Home button&quot;, &quot;Optional[Test on Dashboard page]&quot;](1)" classname="Runner.TestngRunner" time="29.666">
    <system-out><![CDATA[************* Inside Before Test ****************
************* Inside Before Test ****************
************** Inside Before Method **************
************** Inside Before Method **************
Runing on Thread - 15
Runing on Thread - 14
]]></system-out>
    <system-err><![CDATA[SLF4J: Failed to load class "org.slf4j.impl.StaticLoggerBinder".
SLF4J: Defaulting to no-operation (NOP) logger implementation
SLF4J: See http://www.slf4j.org/codes.html#StaticLoggerBinder for further details.
Starting ChromeDriver 90.0.4430.24 (4c6d850f087da467d926e8eddb76550aed655991-refs/branch-heads/4430@{#429}) on port 28741
Only local connections are allowed.
Please see https://chromedriver.[c1h6r2o7m3i1u09m1.8.or9g85/s]ecu[riWtAyR-NcIoNnG]s:i deFrraotmiSooncsk Afodrd rs ufgagielsetdi oonsn  onne tkmeaespki
ng ChromeDriver safe.
ChromeDriver was started successfully.
Starting ChromeDriver 90.0.4430.24 (4c6d850f087da467d926e8eddb76550aed655991-refs/branch-heads/4430@{#429}) on port 39630
Only local connections are allowed.
Please see https://chromedriver.chromium.or[g1/6s2e7c3u1r0i9t18y.-9c92on]s[iWdAeRrNIaNtG]i:o nFsr ofmoSro cksAudgdgr efasilteido nos non  kneeeptimnga sChkr
omeDriver safe.
ChromeDriver was started successfully.
[1627310921.412][WARNING]: This version of ChromeDriver has not been tested with Chrome version 91.
[1627310921.435][WARNING]: This version of ChromeDriver has not been tested with Chrome version 91.
Jul 26, 2021 8:18:41 PM org.openqa.selenium.remote.ProtocolHandshake createSession
INFO: Detected dialect: W3C
Jul 26, 2021 8:18:41 PM org.openqa.selenium.remote.ProtocolHandshake createSession
INFO: Detected dialect: W3C
]]></system-err>
  </testcase>
  <testcase name="runScenario[&quot;Check the Contact Link&quot;, &quot;Optional[Test on Dashboard page]&quot;](2)" classname="Runner.TestngRunner" time="19.031">
    <system-out><![CDATA[************** Inside After Method **************
*************** Inside After class
]]></system-out>
    <system-err><![CDATA[Jul 26, 2021 8:19:31 PM tech.grasshopper.pdf.PDFCucumberReport collectReportConfiguration
INFO: PDF report configuration YAML file not found. Using default settings.
]]></system-err>
  </testcase>
  <testcase name="runScenario[&quot;Free CRM Login with valid credential&quot;, &quot;Optional[Free CRM login feature]&quot;](3)" classname="Runner.TestngRunner" time="24.47">
    <system-out><![CDATA[************** Inside After Method **************
************** Inside Before Method **************
Runing on Thread - 14
************* Inside After Test
]]></system-out>
    <system-err><![CDATA[Starting ChromeDriver 90.0.4430.24 (4c6d850f087da467d926e8eddb76550aed655991-refs/branch-heads/4430@{#429}) on port 8101
Only local connections are allowed.
Please see https://chromedriver.chromium.org/security-considerations for suggestions on keeping ChromeDriver safe.
[1627310972.637][WARNING]: FromSockAddr failed on netmask
ChromeDriver was started successfully.
[1627310974.441][WARNING]: This version of ChromeDriver has not been tested with Chrome version 91.
Jul 26, 2021 8:19:34 PM org.openqa.selenium.remote.ProtocolHandshake createSession
INFO: Detected dialect: W3C
&amp#27;[32m&amp#27;[1m┌──────────────────────────────────────────────────────────────────────────┐&amp#27;[0m
&amp#27;[32m&amp#27;[1m│&amp#27;[0m View your Cucumber Report at:                                            &amp#27;[32m&amp#27;[1m│&amp#27;[0m
&amp#27;[32m&amp#27;[1m│&amp#27;[0m &amp#27;[1m&amp#27;[36m&amp#27;[4mhttps://reports.cucumber.io/reports/b9b002ce-aa23-4add-9d78-4fc9ead09d57&amp#27;[0m &amp#27;[32m&amp#27;[1m│&amp#27;[0m
&amp#27;[32m&amp#27;[1m│&amp#27;[0m                                                                          &amp#27;[32m&amp#27;[1m│&amp#27;[0m
&amp#27;[32m&amp#27;[1m│&amp#27;[0m &amp#27;[1mThis report will self-destruct in 24h.&amp#27;[0m                                   &amp#27;[32m&amp#27;[1m│&amp#27;[0m
&amp#27;[32m&amp#27;[1m│&amp#27;[0m Keep reports forever: &amp#27;[4m&amp#27;[1m&amp#27;[36mhttps://reports.cucumber.io/profile&amp#27;[0m                &amp#27;[32m&amp#27;[1m│&amp#27;[0m
&amp#27;[32m&amp#27;[1m└──────────────────────────────────────────────────────────────────────────┘&amp#27;[0m]]></system-err>
  </testcase>
  <testcase name="runScenario[&quot;Free CRM Login page elements&quot;, &quot;Optional[Free CRM login feature]&quot;](4)" classname="Runner.TestngRunner" time="13.894">
    <system-out><![CDATA[************** Inside After Method **************
************** Inside Before Method **************
Runing on Thread - 14
]]></system-out>
    <system-err><![CDATA[Starting ChromeDriver 90.0.4430.24 (4c6d850f087da467d926e8eddb76550aed655991-refs/branch-heads/4430@{#429}) on port 47404
Only local connections are allowed.
Please see https://chromedriver.chromium.org/security-considerations for suggestions on keeping ChromeDriver safe.
[1627310999.457][WARNING]: FromSockAddr failed on netmask
ChromeDriver was started successfully.
[1627311000.924][WARNING]: This version of ChromeDriver has not been tested with Chrome version 91.
Jul 26, 2021 8:20:00 PM org.openqa.selenium.remote.ProtocolHandshake createSession
INFO: Detected dialect: W3C
]]></system-err>
  </testcase>
  <testcase name="runScenario[&quot;Create a new contact&quot;, &quot;Optional[Test on Contact Feature]&quot;](1)" classname="Runner.ContactRunner" time="17.107">
    <failure message="Expected condition failed: waiting for visibility of Proxy element for: DefaultElementLocator &apos;By.cssSelector: input[name=&apos;first_name&apos;]&apos; (tried for 10 second(s) with 500 milliseconds interval)" type="org.openqa.selenium.TimeoutException"><![CDATA[org.openqa.selenium.TimeoutException: Expected condition failed: waiting for visibility of Proxy element for: DefaultElementLocator 'By.cssSelector: input[name='first_name']' (tried for 10 second(s) with 500 milliseconds interval)
	at Runner.ContactRunner.runScenario(ContactRunner.java:55)
]]></failure>
    <system-out><![CDATA[************** Inside After Method **************
************** Inside Before Method **************
Runing on Thread - 14
]]></system-out>
    <system-err><![CDATA[Starting ChromeDriver 90.0.4430.24 (4c6d850f087da467d926e8eddb76550aed655991-refs/branch-heads/4430@{#429}) on port 15302
Only local connections are allowed.
Please see https://chromedriver.chromium.org/security-considerations for suggestions on keeping ChromeDriver safe.
[1627310951.964][WARNINGC]hr:o mFerDormivSeorc kwAas dsdtra rftaeid lsedu cocnes snfeutlmlay.s
k
[1627310953.107][WARNING]: This version of ChromeDriver has not been tested with Chrome version 91.
Jul 26, 2021 8:19:13 PM org.openqa.selenium.remote.ProtocolHandshake createSession
INFO: Detected dialect: W3C
]]></system-err>
  </testcase>
</testsuite>