<?xml version="1.0" encoding="UTF-8"?>
<!-- Generated by org.testng.reporters.JUnitReportReporter -->
<testsuite hostname="insyfhydmx00218" failures="0" tests="4" name="Runner.TestngRunner" time="96.542" errors="0" timestamp="2021-07-26T20:20:18 IST" skipped="0">
  <testcase classname="Runner.TestngRunner" name="runScenario" time="28.011"/>
  <system-out/>
  <testcase classname="Runner.TestngRunner" name="runScenario" time="15.385"/>
  <system-out/>
  <testcase classname="Runner.TestngRunner" name="runScenario" time="31.667"/>
  <system-out/>
  <testcase classname="Runner.TestngRunner" name="runScenario" time="21.479"/>
  <system-out/>
</testsuite> <!-- Runner.TestngRunner -->
